<?xml version="1.0" encoding="UTF-8"?>
<testng-results ignored="0" total="3" passed="3" failed="0" skipped="0">
  <reporter-output>
  </reporter-output>
  <suite started-at="2025-04-24T22:09:23 IST" name="LambdaTestEcomSuite" finished-at="2025-04-24T22:09:58 IST" duration-ms="34790">
    <groups>
    </groups>
    <test started-at="2025-04-24T22:09:23 IST" name="edgeTest" finished-at="2025-04-24T22:09:38 IST" duration-ms="14843">
      <class name="com.dvm.qa.selenium.testcases.LoginPageTest">
        <test-method is-config="true" signature="setUp(java.lang.String)[pri:0, instance:com.dvm.qa.selenium.testcases.LoginPageTest@67d48005]" started-at="2025-04-24T22:09:23 IST" name="setUp" finished-at="2025-04-24T22:09:31 IST" duration-ms="7494" status="PASS">
          <params>
            <param index="0">
              <value>
                <![CDATA[edge]]>
              </value>
            </param>
          </params>
          <reporter-output>
          </reporter-output>
        </test-method> <!-- setUp -->
        <test-method signature="verify_Login_with_valid_credentials()[pri:0, instance:com.dvm.qa.selenium.testcases.LoginPageTest@67d48005]" started-at="2025-04-24T22:09:31 IST" name="verify_Login_with_valid_credentials" finished-at="2025-04-24T22:09:36 IST" duration-ms="5688" status="PASS">
          <reporter-output>
          </reporter-output>
        </test-method> <!-- verify_Login_with_valid_credentials -->
        <test-method is-config="true" signature="tearDown()[pri:0, instance:com.dvm.qa.selenium.testcases.LoginPageTest@67d48005]" started-at="2025-04-24T22:09:36 IST" name="tearDown" finished-at="2025-04-24T22:09:38 IST" duration-ms="1442" status="PASS">
          <reporter-output>
          </reporter-output>
        </test-method> <!-- tearDown -->
      </class> <!-- com.dvm.qa.selenium.testcases.LoginPageTest -->
    </test> <!-- edgeTest -->
    <test started-at="2025-04-24T22:09:23 IST" name="firefoxTest" finished-at="2025-04-24T22:09:45 IST" duration-ms="21865">
      <class name="com.dvm.qa.selenium.testcases.LoginPageTest">
        <test-method is-config="true" signature="setUp(java.lang.String)[pri:0, instance:com.dvm.qa.selenium.testcases.LoginPageTest@6379eb]" started-at="2025-04-24T22:09:23 IST" name="setUp" finished-at="2025-04-24T22:09:34 IST" duration-ms="11302" status="PASS">
          <params>
            <param index="0">
              <value>
                <![CDATA[firefox]]>
              </value>
            </param>
          </params>
          <reporter-output>
          </reporter-output>
        </test-method> <!-- setUp -->
        <test-method signature="verify_Login_with_valid_credentials()[pri:0, instance:com.dvm.qa.selenium.testcases.LoginPageTest@6379eb]" started-at="2025-04-24T22:09:34 IST" name="verify_Login_with_valid_credentials" finished-at="2025-04-24T22:09:41 IST" duration-ms="6280" status="PASS">
          <reporter-output>
          </reporter-output>
        </test-method> <!-- verify_Login_with_valid_credentials -->
        <test-method is-config="true" signature="tearDown()[pri:0, instance:com.dvm.qa.selenium.testcases.LoginPageTest@6379eb]" started-at="2025-04-24T22:09:41 IST" name="tearDown" finished-at="2025-04-24T22:09:45 IST" duration-ms="4077" status="PASS">
          <reporter-output>
          </reporter-output>
        </test-method> <!-- tearDown -->
      </class> <!-- com.dvm.qa.selenium.testcases.LoginPageTest -->
    </test> <!-- firefoxTest -->
    <test started-at="2025-04-24T22:09:23 IST" name="ChromeTest" finished-at="2025-04-24T22:09:58 IST" duration-ms="34790">
      <class name="com.dvm.qa.selenium.testcases.LoginPageTest">
        <test-method is-config="true" signature="setUp(java.lang.String)[pri:0, instance:com.dvm.qa.selenium.testcases.LoginPageTest@6973b51b]" started-at="2025-04-24T22:09:23 IST" name="setUp" finished-at="2025-04-24T22:09:28 IST" duration-ms="4637" status="PASS">
          <params>
            <param index="0">
              <value>
                <![CDATA[chrome]]>
              </value>
            </param>
          </params>
          <reporter-output>
          </reporter-output>
        </test-method> <!-- setUp -->
        <test-method signature="verify_Login_with_valid_credentials()[pri:0, instance:com.dvm.qa.selenium.testcases.LoginPageTest@6973b51b]" started-at="2025-04-24T22:09:28 IST" name="verify_Login_with_valid_credentials" finished-at="2025-04-24T22:09:57 IST" duration-ms="29408" status="PASS">
          <reporter-output>
          </reporter-output>
        </test-method> <!-- verify_Login_with_valid_credentials -->
        <test-method is-config="true" signature="tearDown()[pri:0, instance:com.dvm.qa.selenium.testcases.LoginPageTest@6973b51b]" started-at="2025-04-24T22:09:57 IST" name="tearDown" finished-at="2025-04-24T22:09:58 IST" duration-ms="540" status="PASS">
          <reporter-output>
          </reporter-output>
        </test-method> <!-- tearDown -->
      </class> <!-- com.dvm.qa.selenium.testcases.LoginPageTest -->
    </test> <!-- ChromeTest -->
  </suite> <!-- LambdaTestEcomSuite -->
</testng-results>
