<?xml version="1.0" encoding="UTF-8"?>
<testng-results ignored="0" total="3" passed="3" failed="0" skipped="0">
  <reporter-output>
  </reporter-output>
  <suite started-at="2025-04-25T22:52:10 IST" name="LambdaTestEcomSuite" finished-at="2025-04-25T22:52:55 IST" duration-ms="44395">
    <groups>
    </groups>
    <test started-at="2025-04-25T22:52:10 IST" name="ChromeTest" finished-at="2025-04-25T22:52:41 IST" duration-ms="31342">
      <class name="com.dvm.qa.selenium.testcases.LoginPageTest">
        <test-method is-config="true" signature="setUp(java.lang.String)[pri:0, instance:com.dvm.qa.selenium.testcases.LoginPageTest@6973b51b]" started-at="2025-04-25T22:52:11 IST" name="setUp" finished-at="2025-04-25T22:52:23 IST" duration-ms="12730" status="PASS">
          <params>
            <param index="0">
              <value>
                <![CDATA[chrome]]>
              </value>
            </param>
          </params>
          <reporter-output>
          </reporter-output>
        </test-method> <!-- setUp -->
        <test-method signature="verify_Login_with_valid_credentials()[pri:0, instance:com.dvm.qa.selenium.testcases.LoginPageTest@6973b51b]" started-at="2025-04-25T22:52:23 IST" name="verify_Login_with_valid_credentials" finished-at="2025-04-25T22:52:38 IST" duration-ms="14205" status="PASS">
          <reporter-output>
          </reporter-output>
        </test-method> <!-- verify_Login_with_valid_credentials -->
        <test-method is-config="true" signature="tearDown()[pri:0, instance:com.dvm.qa.selenium.testcases.LoginPageTest@6973b51b]" started-at="2025-04-25T22:52:38 IST" name="tearDown" finished-at="2025-04-25T22:52:41 IST" duration-ms="3816" status="PASS">
          <reporter-output>
          </reporter-output>
        </test-method> <!-- tearDown -->
      </class> <!-- com.dvm.qa.selenium.testcases.LoginPageTest -->
    </test> <!-- ChromeTest -->
    <test started-at="2025-04-25T22:52:10 IST" name="edgeTest" finished-at="2025-04-25T22:52:43 IST" duration-ms="33329">
      <class name="com.dvm.qa.selenium.testcases.LoginPageTest">
        <test-method is-config="true" signature="setUp(java.lang.String)[pri:0, instance:com.dvm.qa.selenium.testcases.LoginPageTest@67d48005]" started-at="2025-04-25T22:52:11 IST" name="setUp" finished-at="2025-04-25T22:52:19 IST" duration-ms="8005" status="PASS">
          <params>
            <param index="0">
              <value>
                <![CDATA[edge]]>
              </value>
            </param>
          </params>
          <reporter-output>
          </reporter-output>
        </test-method> <!-- setUp -->
        <test-method signature="verify_Login_with_valid_credentials()[pri:0, instance:com.dvm.qa.selenium.testcases.LoginPageTest@67d48005]" started-at="2025-04-25T22:52:19 IST" name="verify_Login_with_valid_credentials" finished-at="2025-04-25T22:52:41 IST" duration-ms="22049" status="PASS">
          <reporter-output>
          </reporter-output>
        </test-method> <!-- verify_Login_with_valid_credentials -->
        <test-method is-config="true" signature="tearDown()[pri:0, instance:com.dvm.qa.selenium.testcases.LoginPageTest@67d48005]" started-at="2025-04-25T22:52:41 IST" name="tearDown" finished-at="2025-04-25T22:52:43 IST" duration-ms="2776" status="PASS">
          <reporter-output>
          </reporter-output>
        </test-method> <!-- tearDown -->
      </class> <!-- com.dvm.qa.selenium.testcases.LoginPageTest -->
    </test> <!-- edgeTest -->
    <test started-at="2025-04-25T22:52:10 IST" name="firefoxTest" finished-at="2025-04-25T22:52:55 IST" duration-ms="44395">
      <class name="com.dvm.qa.selenium.testcases.LoginPageTest">
        <test-method is-config="true" signature="setUp(java.lang.String)[pri:0, instance:com.dvm.qa.selenium.testcases.LoginPageTest@6379eb]" started-at="2025-04-25T22:52:11 IST" name="setUp" finished-at="2025-04-25T22:52:38 IST" duration-ms="27389" status="PASS">
          <params>
            <param index="0">
              <value>
                <![CDATA[firefox]]>
              </value>
            </param>
          </params>
          <reporter-output>
          </reporter-output>
        </test-method> <!-- setUp -->
        <test-method signature="verify_Login_with_valid_credentials()[pri:0, instance:com.dvm.qa.selenium.testcases.LoginPageTest@6379eb]" started-at="2025-04-25T22:52:38 IST" name="verify_Login_with_valid_credentials" finished-at="2025-04-25T22:52:49 IST" duration-ms="11365" status="PASS">
          <reporter-output>
          </reporter-output>
        </test-method> <!-- verify_Login_with_valid_credentials -->
        <test-method is-config="true" signature="tearDown()[pri:0, instance:com.dvm.qa.selenium.testcases.LoginPageTest@6379eb]" started-at="2025-04-25T22:52:49 IST" name="tearDown" finished-at="2025-04-25T22:52:55 IST" duration-ms="5147" status="PASS">
          <reporter-output>
          </reporter-output>
        </test-method> <!-- tearDown -->
      </class> <!-- com.dvm.qa.selenium.testcases.LoginPageTest -->
    </test> <!-- firefoxTest -->
  </suite> <!-- LambdaTestEcomSuite -->
</testng-results>
