<?xml version="1.0" encoding="UTF-8"?>
<testng-results ignored="0" total="3" passed="3" failed="0" skipped="0">
  <reporter-output>
  </reporter-output>
  <suite started-at="2025-04-17T23:09:05 IST" name="LambdaTestEcomSuite" finished-at="2025-04-17T23:10:20 IST" duration-ms="75299">
    <groups>
    </groups>
    <test started-at="2025-04-17T23:09:05 IST" name="firefoxTest" finished-at="2025-04-17T23:09:46 IST" duration-ms="40471">
      <class name="com.dvm.qa.selenium.testcases.LoginPageTest">
        <test-method is-config="true" signature="setUp(java.lang.String)[pri:0, instance:com.dvm.qa.selenium.testcases.LoginPageTest@7586beff]" started-at="2025-04-17T23:09:05 IST" name="setUp" finished-at="2025-04-17T23:09:29 IST" duration-ms="23665" status="PASS">
          <params>
            <param index="0">
              <value>
                <![CDATA[firefox]]>
              </value>
            </param>
          </params>
          <reporter-output>
          </reporter-output>
        </test-method> <!-- setUp -->
        <test-method signature="verify_Login_with_valid_credentials()[pri:0, instance:com.dvm.qa.selenium.testcases.LoginPageTest@7586beff]" started-at="2025-04-17T23:09:29 IST" name="verify_Login_with_valid_credentials" finished-at="2025-04-17T23:09:41 IST" duration-ms="12535" status="PASS">
          <reporter-output>
          </reporter-output>
        </test-method> <!-- verify_Login_with_valid_credentials -->
        <test-method is-config="true" signature="tearDown()[pri:0, instance:com.dvm.qa.selenium.testcases.LoginPageTest@7586beff]" started-at="2025-04-17T23:09:41 IST" name="tearDown" finished-at="2025-04-17T23:09:46 IST" duration-ms="4219" status="PASS">
          <reporter-output>
          </reporter-output>
        </test-method> <!-- tearDown -->
      </class> <!-- com.dvm.qa.selenium.testcases.LoginPageTest -->
    </test> <!-- firefoxTest -->
    <test started-at="2025-04-17T23:09:05 IST" name="ChromeTest" finished-at="2025-04-17T23:09:51 IST" duration-ms="46080">
      <class name="com.dvm.qa.selenium.testcases.LoginPageTest">
        <test-method is-config="true" signature="setUp(java.lang.String)[pri:0, instance:com.dvm.qa.selenium.testcases.LoginPageTest@55182842]" started-at="2025-04-17T23:09:05 IST" name="setUp" finished-at="2025-04-17T23:09:39 IST" duration-ms="33453" status="PASS">
          <params>
            <param index="0">
              <value>
                <![CDATA[chrome]]>
              </value>
            </param>
          </params>
          <reporter-output>
          </reporter-output>
        </test-method> <!-- setUp -->
        <test-method signature="verify_Login_with_valid_credentials()[pri:0, instance:com.dvm.qa.selenium.testcases.LoginPageTest@55182842]" started-at="2025-04-17T23:09:39 IST" name="verify_Login_with_valid_credentials" finished-at="2025-04-17T23:09:51 IST" duration-ms="11881" status="PASS">
          <reporter-output>
          </reporter-output>
        </test-method> <!-- verify_Login_with_valid_credentials -->
        <test-method is-config="true" signature="tearDown()[pri:0, instance:com.dvm.qa.selenium.testcases.LoginPageTest@55182842]" started-at="2025-04-17T23:09:51 IST" name="tearDown" finished-at="2025-04-17T23:09:51 IST" duration-ms="704" status="PASS">
          <reporter-output>
          </reporter-output>
        </test-method> <!-- tearDown -->
      </class> <!-- com.dvm.qa.selenium.testcases.LoginPageTest -->
    </test> <!-- ChromeTest -->
    <test started-at="2025-04-17T23:09:05 IST" name="edgeTest" finished-at="2025-04-17T23:10:20 IST" duration-ms="75299">
      <class name="com.dvm.qa.selenium.testcases.LoginPageTest">
        <test-method is-config="true" signature="setUp(java.lang.String)[pri:0, instance:com.dvm.qa.selenium.testcases.LoginPageTest@815b41f]" started-at="2025-04-17T23:09:05 IST" name="setUp" finished-at="2025-04-17T23:09:29 IST" duration-ms="23679" status="PASS">
          <params>
            <param index="0">
              <value>
                <![CDATA[edge]]>
              </value>
            </param>
          </params>
          <reporter-output>
          </reporter-output>
        </test-method> <!-- setUp -->
        <test-method signature="verify_Login_with_valid_credentials()[pri:0, instance:com.dvm.qa.selenium.testcases.LoginPageTest@815b41f]" started-at="2025-04-17T23:09:29 IST" name="verify_Login_with_valid_credentials" finished-at="2025-04-17T23:10:19 IST" duration-ms="49971" status="PASS">
          <reporter-output>
          </reporter-output>
        </test-method> <!-- verify_Login_with_valid_credentials -->
        <test-method is-config="true" signature="tearDown()[pri:0, instance:com.dvm.qa.selenium.testcases.LoginPageTest@815b41f]" started-at="2025-04-17T23:10:19 IST" name="tearDown" finished-at="2025-04-17T23:10:20 IST" duration-ms="1606" status="PASS">
          <reporter-output>
          </reporter-output>
        </test-method> <!-- tearDown -->
      </class> <!-- com.dvm.qa.selenium.testcases.LoginPageTest -->
    </test> <!-- edgeTest -->
  </suite> <!-- LambdaTestEcomSuite -->
</testng-results>
